#
# There is insufficient memory for the Java Runtime Environment to continue.
# Native memory allocation (malloc) failed to allocate 1048976 bytes for Chunk::new
# Possible reasons:
#   The system is out of physical RAM or swap space
#   The process is running with CompressedOops enabled, and the Java Heap may be blocking the growth of the native heap
# Possible solutions:
#   Reduce memory load on the system
#   Increase physical memory or swap space
#   Check if swap backing store is full
#   Decrease Java heap size (-Xmx/-Xms)
#   Decrease number of Java threads
#   Decrease Java thread stack sizes (-Xss)
#   Set larger code cache with -XX:ReservedCodeCacheSize=
#   JVM is running with Zero Based Compressed Oops mode in which the Java heap is
#     placed in the first 32GB address space. The Java Heap base address is the
#     maximum limit for the native heap growth. Please use -XX:HeapBaseMinAddress
#     to set the Java Heap base and to place the Java Heap above 32GB virtual address.
# This output file may be truncated or incomplete.
#
#  Out of Memory Error (./src/hotspot/share/memory/arena.cpp:197), pid=25964, tid=16304
#
# JRE version: OpenJDK Runtime Environment (11.0.10) (build 11.0.10+0-b96-7249189)
# Java VM: OpenJDK 64-Bit Server VM (11.0.10+0-b96-7249189, mixed mode, tiered, compressed oops, g1 gc, windows-amd64)
# No core dump will be written. Minidumps are not enabled by default on client versions of Windows
#

---------------  S U M M A R Y ------------

Command Line: org.jetbrains.kotlin.cli.jvm.K2JVMCompiler @F:\files\kotlin\learning\listView\app\build\20220112_14011319412880456348.compiler.options

Host: Intel(R) Core(TM) i5-9300H CPU @ 2.40GHz, 8 cores, 15G,  Windows 10 , 64 bit Build 19041 (10.0.19041.1348)
Time: Wed Jan 12 00:29:55 2022 대한민국 표준시 elapsed time: 4.599160 seconds (0d 0h 0m 4s)

---------------  T H R E A D  ---------------

Current thread (0x00000197049ef800):  JavaThread "C2 CompilerThread1" daemon [_thread_in_native, id=16304, stack(0x0000002bd1a00000,0x0000002bd1b00000)]


Current CompileTask:
C2:   4599 6609   !   4       org.jetbrains.kotlin.metadata.ProtoBuf$ValueParameter::<init> (513 bytes)

Stack: [0x0000002bd1a00000,0x0000002bd1b00000]
Native frames: (J=compiled Java code, j=interpreted, Vv=VM code, C=native code)
V  [jvm.dll+0x5ecfaa]
V  [jvm.dll+0x722bd5]
V  [jvm.dll+0x72412d]
V  [jvm.dll+0x7247e3]
V  [jvm.dll+0x242928]
V  [jvm.dll+0xbc4fc]
V  [jvm.dll+0xbca0c]
V  [jvm.dll+0x352d3b]
V  [jvm.dll+0x320ad3]
V  [jvm.dll+0x31ffca]
V  [jvm.dll+0x1fb602]
V  [jvm.dll+0x1fa7f4]
V  [jvm.dll+0x18354c]
V  [jvm.dll+0x208ee7]
V  [jvm.dll+0x207731]
V  [jvm.dll+0x6eb1cf]
V  [jvm.dll+0x6e3d45]
V  [jvm.dll+0x5ebe96]
C  [ucrtbase.dll+0x21bb2]
C  [KERNEL32.DLL+0x17034]
C  [ntdll.dll+0x52651]


---------------  P R O C E S S  ---------------

Threads class SMR info:
_java_thread_list=0x00000197049ebbd0, length=12, elements={
0x000001976479c800, 0x000001977ffe8000, 0x000001977ffe9800, 0x0000019704874000,
0x0000019704875000, 0x0000019704876000, 0x000001970487c800, 0x0000019704881000,
0x000001977fff8000, 0x00000197049f2000, 0x00000197049ef800, 0x00000197049f0800
}

Java Threads: ( => current thread )
  0x000001976479c800 JavaThread "main" [_thread_in_vm, id=16116, stack(0x0000002bd0900000,0x0000002bd0a00000)]
  0x000001977ffe8000 JavaThread "Reference Handler" daemon [_thread_blocked, id=27232, stack(0x0000002bd1000000,0x0000002bd1100000)]
  0x000001977ffe9800 JavaThread "Finalizer" daemon [_thread_blocked, id=14712, stack(0x0000002bd1100000,0x0000002bd1200000)]
  0x0000019704874000 JavaThread "Signal Dispatcher" daemon [_thread_blocked, id=22036, stack(0x0000002bd1200000,0x0000002bd1300000)]
  0x0000019704875000 JavaThread "Attach Listener" daemon [_thread_blocked, id=11816, stack(0x0000002bd1300000,0x0000002bd1400000)]
  0x0000019704876000 JavaThread "Service Thread" daemon [_thread_blocked, id=25292, stack(0x0000002bd1400000,0x0000002bd1500000)]
  0x000001970487c800 JavaThread "C2 CompilerThread0" daemon [_thread_blocked, id=19184, stack(0x0000002bd1500000,0x0000002bd1600000)]
  0x0000019704881000 JavaThread "C1 CompilerThread0" daemon [_thread_blocked, id=26868, stack(0x0000002bd1600000,0x0000002bd1700000)]
  0x000001977fff8000 JavaThread "Sweeper thread" daemon [_thread_blocked, id=27456, stack(0x0000002bd1700000,0x0000002bd1800000)]
  0x00000197049f2000 JavaThread "Common-Cleaner" daemon [_thread_blocked, id=2224, stack(0x0000002bd1900000,0x0000002bd1a00000)]
=>0x00000197049ef800 JavaThread "C2 CompilerThread1" daemon [_thread_in_native, id=16304, stack(0x0000002bd1a00000,0x0000002bd1b00000)]
  0x00000197049f0800 JavaThread "C2 CompilerThread2" daemon [_thread_blocked, id=26964, stack(0x0000002bd1b00000,0x0000002bd1c00000)]

Other Threads:
  0x000001977ffd5000 VMThread "VM Thread" [stack: 0x0000002bd0f00000,0x0000002bd1000000] [id=11960]
  0x00000197049ed800 WatcherThread [stack: 0x0000002bd1800000,0x0000002bd1900000] [id=17152]
  0x00000197647b4000 GCTaskThread "GC Thread#0" [stack: 0x0000002bd0a00000,0x0000002bd0b00000] [id=17364]
  0x000001970509a800 GCTaskThread "GC Thread#1" [stack: 0x0000002bd1c00000,0x0000002bd1d00000] [id=26948]
  0x00000197050d9800 GCTaskThread "GC Thread#2" [stack: 0x0000002bd1d00000,0x0000002bd1e00000] [id=24240]
  0x0000019704c91800 GCTaskThread "GC Thread#3" [stack: 0x0000002bd1e00000,0x0000002bd1f00000] [id=26560]
  0x00000197050e8800 GCTaskThread "GC Thread#4" [stack: 0x0000002bd1f00000,0x0000002bd2000000] [id=19092]
  0x00000197050e9800 GCTaskThread "GC Thread#5" [stack: 0x0000002bd2000000,0x0000002bd2100000] [id=14068]
  0x000001970c4be800 GCTaskThread "GC Thread#6" [stack: 0x0000002bd2300000,0x0000002bd2400000] [id=23304]
  0x000001976480f000 ConcurrentGCThread "G1 Main Marker" [stack: 0x0000002bd0b00000,0x0000002bd0c00000] [id=20304]
  0x0000019764811800 ConcurrentGCThread "G1 Conc#0" [stack: 0x0000002bd0c00000,0x0000002bd0d00000] [id=14508]
  0x00000197053dd000 ConcurrentGCThread "G1 Conc#1" [stack: 0x0000002bd2100000,0x0000002bd2200000] [id=14488]
  0x000001977feb1800 ConcurrentGCThread "G1 Refine#0" [stack: 0x0000002bd0d00000,0x0000002bd0e00000] [id=26744]
  0x0000019709165000 ConcurrentGCThread "G1 Refine#1" [stack: 0x0000002bd2200000,0x0000002bd2300000] [id=8804]
  0x000001970916c000 ConcurrentGCThread "G1 Refine#2" [stack: 0x0000002bd2400000,0x0000002bd2500000] [id=15492]
  0x0000019709165800 ConcurrentGCThread "G1 Refine#3" [stack: 0x0000002bd2500000,0x0000002bd2600000] [id=27028]
  0x0000019709166800 ConcurrentGCThread "G1 Refine#4" [stack: 0x0000002bd2600000,0x0000002bd2700000] [id=25992]
  0x0000019709168000 ConcurrentGCThread "G1 Refine#5" [stack: 0x0000002bd2700000,0x0000002bd2800000] [id=13092]
  0x000001977feb2000 ConcurrentGCThread "G1 Young RemSet Sampling" [stack: 0x0000002bd0e00000,0x0000002bd0f00000] [id=23288]

Threads with active compile tasks:
C2 CompilerThread1   4605 6609   !   4       org.jetbrains.kotlin.metadata.ProtoBuf$ValueParameter::<init> (513 bytes)

VM state:not at safepoint (normal execution)

VM Mutex/Monitor currently owned by a thread: None

Heap address: 0x0000000702400000, size: 4060 MB, Compressed Oops mode: Zero based, Oop shift amount: 3
Narrow klass base: 0x0000000800000000, Narrow klass shift: 0
Compressed class space size: 1073741824 Address: 0x0000000800000000

Heap:
 garbage-first heap   total 312320K, used 69685K [0x0000000702400000, 0x0000000800000000)
  region size 1024K, 31 young (31744K), 4 survivors (4096K)
 Metaspace       used 64233K, capacity 64981K, committed 65236K, reserved 1107968K
  class space    used 7485K, capacity 7782K, committed 7884K, reserved 1048576K
Heap Regions: E=young(eden), S=young(survivor), O=old, HS=humongous(starts), HC=humongous(continues), CS=collection set, F=free, A=archive, TAMS=top-at-mark-start (previous, next)
|   0|0x0000000702400000, 0x0000000702500000, 0x0000000702500000|100%|HS|  |TAMS 0x0000000702500000, 0x0000000702400000| Complete 
|   1|0x0000000702500000, 0x0000000702600000, 0x0000000702600000|100%|HC|  |TAMS 0x0000000702600000, 0x0000000702500000| Complete 
|   2|0x0000000702600000, 0x0000000702700000, 0x0000000702700000|100%|HC|  |TAMS 0x0000000702700000, 0x0000000702600000| Complete 
|   3|0x0000000702700000, 0x0000000702800000, 0x0000000702800000|100%|HS|  |TAMS 0x0000000702800000, 0x0000000702700000| Complete 
|   4|0x0000000702800000, 0x0000000702900000, 0x0000000702900000|100%|HC|  |TAMS 0x0000000702900000, 0x0000000702800000| Complete 
|   5|0x0000000702900000, 0x0000000702a00000, 0x0000000702a00000|100%|HC|  |TAMS 0x0000000702a00000, 0x0000000702900000| Complete 
|   6|0x0000000702a00000, 0x0000000702b00000, 0x0000000702b00000|100%|HS|  |TAMS 0x0000000702b00000, 0x0000000702a00000| Complete 
|   7|0x0000000702b00000, 0x0000000702c00000, 0x0000000702c00000|100%|HC|  |TAMS 0x0000000702c00000, 0x0000000702b00000| Complete 
|   8|0x0000000702c00000, 0x0000000702d00000, 0x0000000702d00000|100%| O|  |TAMS 0x0000000702d00000, 0x0000000702c00000| Untracked 
|   9|0x0000000702d00000, 0x0000000702e00000, 0x0000000702e00000|100%| O|  |TAMS 0x0000000702e00000, 0x0000000702d00000| Untracked 
|  10|0x0000000702e00000, 0x0000000702f00000, 0x0000000702f00000|100%| O|  |TAMS 0x0000000702f00000, 0x0000000702e00000| Untracked 
|  11|0x0000000702f00000, 0x0000000703000000, 0x0000000703000000|100%| O|  |TAMS 0x0000000703000000, 0x0000000702f00000| Untracked 
|  12|0x0000000703000000, 0x0000000703100000, 0x0000000703100000|100%| O|  |TAMS 0x0000000703100000, 0x0000000703000000| Untracked 
|  13|0x0000000703100000, 0x0000000703200000, 0x0000000703200000|100%| O|  |TAMS 0x0000000703200000, 0x0000000703100000| Untracked 
|  14|0x0000000703200000, 0x0000000703300000, 0x0000000703300000|100%| O|  |TAMS 0x0000000703300000, 0x0000000703200000| Untracked 
|  15|0x0000000703300000, 0x0000000703400000, 0x0000000703400000|100%| O|  |TAMS 0x0000000703400000, 0x0000000703300000| Untracked 
|  16|0x0000000703400000, 0x0000000703500000, 0x0000000703500000|100%| O|  |TAMS 0x0000000703500000, 0x0000000703400000| Untracked 
|  17|0x0000000703500000, 0x0000000703600000, 0x0000000703600000|100%| O|  |TAMS 0x0000000703600000, 0x0000000703500000| Untracked 
|  18|0x0000000703600000, 0x0000000703700000, 0x0000000703700000|100%| O|  |TAMS 0x0000000703700000, 0x0000000703600000| Untracked 
|  19|0x0000000703700000, 0x0000000703800000, 0x0000000703800000|100%| O|  |TAMS 0x0000000703800000, 0x0000000703700000| Untracked 
|  20|0x0000000703800000, 0x0000000703900000, 0x0000000703900000|100%| O|  |TAMS 0x0000000703900000, 0x0000000703800000| Untracked 
|  21|0x0000000703900000, 0x0000000703a00000, 0x0000000703a00000|100%| O|  |TAMS 0x0000000703a00000, 0x0000000703900000| Untracked 
|  22|0x0000000703a00000, 0x0000000703b00000, 0x0000000703b00000|100%| O|  |TAMS 0x0000000703b00000, 0x0000000703a00000| Untracked 
|  23|0x0000000703b00000, 0x0000000703c00000, 0x0000000703c00000|100%| O|  |TAMS 0x0000000703c00000, 0x0000000703b00000| Untracked 
|  24|0x0000000703c00000, 0x0000000703d00000, 0x0000000703d00000|100%| O|  |TAMS 0x0000000703d00000, 0x0000000703c00000| Untracked 
|  25|0x0000000703d00000, 0x0000000703e00000, 0x0000000703e00000|100%| O|  |TAMS 0x0000000703e00000, 0x0000000703d00000| Untracked 
|  26|0x0000000703e00000, 0x0000000703f00000, 0x0000000703f00000|100%| O|  |TAMS 0x0000000703f00000, 0x0000000703e00000| Untracked 
|  27|0x0000000703f00000, 0x0000000704000000, 0x0000000704000000|100%| O|  |TAMS 0x0000000704000000, 0x0000000703f00000| Untracked 
|  28|0x0000000704000000, 0x0000000704100000, 0x0000000704100000|100%| O|  |TAMS 0x0000000704100000, 0x0000000704000000| Untracked 
|  29|0x0000000704100000, 0x0000000704200000, 0x0000000704200000|100%| O|  |TAMS 0x0000000704200000, 0x0000000704100000| Untracked 
|  30|0x0000000704200000, 0x0000000704300000, 0x0000000704300000|100%| O|  |TAMS 0x0000000704300000, 0x0000000704200000| Untracked 
|  31|0x0000000704300000, 0x0000000704400000, 0x0000000704400000|100%| O|  |TAMS 0x0000000704400000, 0x0000000704300000| Untracked 
|  32|0x0000000704400000, 0x0000000704500000, 0x0000000704500000|100%| O|  |TAMS 0x0000000704500000, 0x0000000704400000| Untracked 
|  33|0x0000000704500000, 0x0000000704600000, 0x0000000704600000|100%| O|  |TAMS 0x0000000704600000, 0x0000000704500000| Untracked 
|  34|0x0000000704600000, 0x0000000704700000, 0x0000000704700000|100%| O|  |TAMS 0x0000000704700000, 0x0000000704600000| Untracked 
|  35|0x0000000704700000, 0x0000000704800000, 0x0000000704800000|100%| O|  |TAMS 0x0000000704800000, 0x0000000704700000| Untracked 
|  36|0x0000000704800000, 0x0000000704900000, 0x0000000704900000|100%| O|  |TAMS 0x0000000704900000, 0x0000000704800000| Untracked 
|  37|0x0000000704900000, 0x0000000704a00000, 0x0000000704a00000|100%| O|  |TAMS 0x0000000704a00000, 0x0000000704900000| Untracked 
|  38|0x0000000704a00000, 0x0000000704ac0200, 0x0000000704b00000| 75%| O|  |TAMS 0x0000000704ac0200, 0x0000000704a00000| Untracked 
|  39|0x0000000704b00000, 0x0000000704b00000, 0x0000000704c00000|  0%| F|  |TAMS 0x0000000704b00000, 0x0000000704b00000| Untracked 
|  40|0x0000000704c00000, 0x0000000704c00000, 0x0000000704d00000|  0%| F|  |TAMS 0x0000000704c00000, 0x0000000704c00000| Untracked 
|  41|0x0000000704d00000, 0x0000000704d00000, 0x0000000704e00000|  0%| F|  |TAMS 0x0000000704d00000, 0x0000000704d00000| Untracked 
|  42|0x0000000704e00000, 0x0000000704e00000, 0x0000000704f00000|  0%| F|  |TAMS 0x0000000704e00000, 0x0000000704e00000| Untracked 
|  43|0x0000000704f00000, 0x0000000704f00000, 0x0000000705000000|  0%| F|  |TAMS 0x0000000704f00000, 0x0000000704f00000| Untracked 
|  44|0x0000000705000000, 0x0000000705000000, 0x0000000705100000|  0%| F|  |TAMS 0x0000000705000000, 0x0000000705000000| Untracked 
|  45|0x0000000705100000, 0x0000000705100000, 0x0000000705200000|  0%| F|  |TAMS 0x0000000705100000, 0x0000000705100000| Untracked 
|  46|0x0000000705200000, 0x0000000705200000, 0x0000000705300000|  0%| F|  |TAMS 0x0000000705200000, 0x0000000705200000| Untracked 
|  47|0x0000000705300000, 0x0000000705300000, 0x0000000705400000|  0%| F|  |TAMS 0x0000000705300000, 0x0000000705300000| Untracked 
|  48|0x0000000705400000, 0x0000000705400000, 0x0000000705500000|  0%| F|  |TAMS 0x0000000705400000, 0x0000000705400000| Untracked 
|  49|0x0000000705500000, 0x0000000705500000, 0x0000000705600000|  0%| F|  |TAMS 0x0000000705500000, 0x0000000705500000| Untracked 
|  50|0x0000000705600000, 0x0000000705600000, 0x0000000705700000|  0%| F|  |TAMS 0x0000000705600000, 0x0000000705600000| Untracked 
|  51|0x0000000705700000, 0x0000000705700000, 0x0000000705800000|  0%| F|  |TAMS 0x0000000705700000, 0x0000000705700000| Untracked 
|  52|0x0000000705800000, 0x0000000705800000, 0x0000000705900000|  0%| F|  |TAMS 0x0000000705800000, 0x0000000705800000| Untracked 
|  53|0x0000000705900000, 0x0000000705900000, 0x0000000705a00000|  0%| F|  |TAMS 0x0000000705900000, 0x0000000705900000| Untracked 
|  54|0x0000000705a00000, 0x0000000705a00000, 0x0000000705b00000|  0%| F|  |TAMS 0x0000000705a00000, 0x0000000705a00000| Untracked 
|  55|0x0000000705b00000, 0x0000000705b00000, 0x0000000705c00000|  0%| F|  |TAMS 0x0000000705b00000, 0x0000000705b00000| Untracked 
|  56|0x0000000705c00000, 0x0000000705c00000, 0x0000000705d00000|  0%| F|  |TAMS 0x0000000705c00000, 0x0000000705c00000| Untracked 
|  57|0x0000000705d00000, 0x0000000705d00000, 0x0000000705e00000|  0%| F|  |TAMS 0x0000000705d00000, 0x0000000705d00000| Untracked 
|  58|0x0000000705e00000, 0x0000000705e00000, 0x0000000705f00000|  0%| F|  |TAMS 0x0000000705e00000, 0x0000000705e00000| Untracked 
|  59|0x0000000705f00000, 0x0000000705f00000, 0x0000000706000000|  0%| F|  |TAMS 0x0000000705f00000, 0x0000000705f00000| Untracked 
|  60|0x0000000706000000, 0x0000000706000000, 0x0000000706100000|  0%| F|  |TAMS 0x0000000706000000, 0x0000000706000000| Untracked 
|  61|0x0000000706100000, 0x0000000706100000, 0x0000000706200000|  0%| F|  |TAMS 0x0000000706100000, 0x0000000706100000| Untracked 
|  62|0x0000000706200000, 0x0000000706200000, 0x0000000706300000|  0%| F|  |TAMS 0x0000000706200000, 0x0000000706200000| Untracked 
|  63|0x0000000706300000, 0x0000000706300000, 0x0000000706400000|  0%| F|  |TAMS 0x0000000706300000, 0x0000000706300000| Untracked 
|  64|0x0000000706400000, 0x0000000706400000, 0x0000000706500000|  0%| F|  |TAMS 0x0000000706400000, 0x0000000706400000| Untracked 
|  65|0x0000000706500000, 0x0000000706500000, 0x0000000706600000|  0%| F|  |TAMS 0x0000000706500000, 0x0000000706500000| Untracked 
|  66|0x0000000706600000, 0x0000000706600000, 0x0000000706700000|  0%| F|  |TAMS 0x0000000706600000, 0x0000000706600000| Untracked 
|  67|0x0000000706700000, 0x0000000706700000, 0x0000000706800000|  0%| F|  |TAMS 0x0000000706700000, 0x0000000706700000| Untracked 
|  68|0x0000000706800000, 0x0000000706800000, 0x0000000706900000|  0%| F|  |TAMS 0x0000000706800000, 0x0000000706800000| Untracked 
|  69|0x0000000706900000, 0x0000000706900000, 0x0000000706a00000|  0%| F|  |TAMS 0x0000000706900000, 0x0000000706900000| Untracked 
|  70|0x0000000706a00000, 0x0000000706a00000, 0x0000000706b00000|  0%| F|  |TAMS 0x0000000706a00000, 0x0000000706a00000| Untracked 
|  71|0x0000000706b00000, 0x0000000706b00000, 0x0000000706c00000|  0%| F|  |TAMS 0x0000000706b00000, 0x0000000706b00000| Untracked 
|  72|0x0000000706c00000, 0x0000000706c00000, 0x0000000706d00000|  0%| F|  |TAMS 0x0000000706c00000, 0x0000000706c00000| Untracked 
|  73|0x0000000706d00000, 0x0000000706d00000, 0x0000000706e00000|  0%| F|  |TAMS 0x0000000706d00000, 0x0000000706d00000| Untracked 
|  74|0x0000000706e00000, 0x0000000706e00000, 0x0000000706f00000|  0%| F|  |TAMS 0x0000000706e00000, 0x0000000706e00000| Untracked 
|  75|0x0000000706f00000, 0x0000000706f00000, 0x0000000707000000|  0%| F|  |TAMS 0x0000000706f00000, 0x0000000706f00000| Untracked 
|  76|0x0000000707000000, 0x0000000707000000, 0x0000000707100000|  0%| F|  |TAMS 0x0000000707000000, 0x0000000707000000| Untracked 
|  77|0x0000000707100000, 0x0000000707100000, 0x0000000707200000|  0%| F|  |TAMS 0x0000000707100000, 0x0000000707100000| Untracked 
|  78|0x0000000707200000, 0x0000000707200000, 0x0000000707300000|  0%| F|  |TAMS 0x0000000707200000, 0x0000000707200000| Untracked 
|  79|0x0000000707300000, 0x0000000707300000, 0x0000000707400000|  0%| F|  |TAMS 0x0000000707300000, 0x0000000707300000| Untracked 
|  80|0x0000000707400000, 0x0000000707400000, 0x0000000707500000|  0%| F|  |TAMS 0x0000000707400000, 0x0000000707400000| Untracked 
|  81|0x0000000707500000, 0x0000000707500000, 0x0000000707600000|  0%| F|  |TAMS 0x0000000707500000, 0x0000000707500000| Untracked 
|  82|0x0000000707600000, 0x0000000707600000, 0x0000000707700000|  0%| F|  |TAMS 0x0000000707600000, 0x0000000707600000| Untracked 
|  83|0x0000000707700000, 0x0000000707700000, 0x0000000707800000|  0%| F|  |TAMS 0x0000000707700000, 0x0000000707700000| Untracked 
|  84|0x0000000707800000, 0x0000000707800000, 0x0000000707900000|  0%| F|  |TAMS 0x0000000707800000, 0x0000000707800000| Untracked 
|  85|0x0000000707900000, 0x0000000707900000, 0x0000000707a00000|  0%| F|  |TAMS 0x0000000707900000, 0x0000000707900000| Untracked 
|  86|0x0000000707a00000, 0x0000000707a00000, 0x0000000707b00000|  0%| F|  |TAMS 0x0000000707a00000, 0x0000000707a00000| Untracked 
|  87|0x0000000707b00000, 0x0000000707b00000, 0x0000000707c00000|  0%| F|  |TAMS 0x0000000707b00000, 0x0000000707b00000| Untracked 
|  88|0x0000000707c00000, 0x0000000707c00000, 0x0000000707d00000|  0%| F|  |TAMS 0x0000000707c00000, 0x0000000707c00000| Untracked 
|  89|0x0000000707d00000, 0x0000000707d00000, 0x0000000707e00000|  0%| F|  |TAMS 0x0000000707d00000, 0x0000000707d00000| Untracked 
|  90|0x0000000707e00000, 0x0000000707e00000, 0x0000000707f00000|  0%| F|  |TAMS 0x0000000707e00000, 0x0000000707e00000| Untracked 
|  91|0x0000000707f00000, 0x0000000707f00000, 0x0000000708000000|  0%| F|  |TAMS 0x0000000707f00000, 0x0000000707f00000| Untracked 
|  92|0x0000000708000000, 0x0000000708000000, 0x0000000708100000|  0%| F|  |TAMS 0x0000000708000000, 0x0000000708000000| Untracked 
|  93|0x0000000708100000, 0x0000000708100000, 0x0000000708200000|  0%| F|  |TAMS 0x0000000708100000, 0x0000000708100000| Untracked 
|  94|0x0000000708200000, 0x0000000708200000, 0x0000000708300000|  0%| F|  |TAMS 0x0000000708200000, 0x0000000708200000| Untracked 
|  95|0x0000000708300000, 0x0000000708300000, 0x0000000708400000|  0%| F|  |TAMS 0x0000000708300000, 0x0000000708300000| Untracked 
|  96|0x0000000708400000, 0x0000000708400000, 0x0000000708500000|  0%| F|  |TAMS 0x0000000708400000, 0x0000000708400000| Untracked 
|  97|0x0000000708500000, 0x0000000708500000, 0x0000000708600000|  0%| F|  |TAMS 0x0000000708500000, 0x0000000708500000| Untracked 
|  98|0x0000000708600000, 0x0000000708600000, 0x0000000708700000|  0%| F|  |TAMS 0x0000000708600000, 0x0000000708600000| Untracked 
|  99|0x0000000708700000, 0x0000000708700000, 0x0000000708800000|  0%| F|  |TAMS 0x0000000708700000, 0x0000000708700000| Untracked 
| 100|0x0000000708800000, 0x0000000708800000, 0x0000000708900000|  0%| F|  |TAMS 0x0000000708800000, 0x0000000708800000| Untracked 
| 101|0x0000000708900000, 0x0000000708900000, 0x0000000708a00000|  0%| F|  |TAMS 0x0000000708900000, 0x0000000708900000| Untracked 
| 102|0x0000000708a00000, 0x0000000708a00000, 0x0000000708b00000|  0%| F|  |TAMS 0x0000000708a00000, 0x0000000708a00000| Untracked 
| 103|0x0000000708b00000, 0x0000000708b00000, 0x0000000708c00000|  0%| F|  |TAMS 0x0000000708b00000, 0x0000000708b00000| Untracked 
| 104|0x0000000708c00000, 0x0000000708c00000, 0x0000000708d00000|  0%| F|  |TAMS 0x0000000708c00000, 0x0000000708c00000| Untracked 
| 105|0x0000000708d00000, 0x0000000708d00000, 0x0000000708e00000|  0%| F|  |TAMS 0x0000000708d00000, 0x0000000708d00000| Untracked 
| 106|0x0000000708e00000, 0x0000000708e00000, 0x0000000708f00000|  0%| F|  |TAMS 0x0000000708e00000, 0x0000000708e00000| Untracked 
| 107|0x0000000708f00000, 0x0000000708f00000, 0x0000000709000000|  0%| F|  |TAMS 0x0000000708f00000, 0x0000000708f00000| Untracked 
| 108|0x0000000709000000, 0x0000000709000000, 0x0000000709100000|  0%| F|  |TAMS 0x0000000709000000, 0x0000000709000000| Untracked 
| 109|0x0000000709100000, 0x0000000709100000, 0x0000000709200000|  0%| F|  |TAMS 0x0000000709100000, 0x0000000709100000| Untracked 
| 110|0x0000000709200000, 0x0000000709200000, 0x0000000709300000|  0%| F|  |TAMS 0x0000000709200000, 0x0000000709200000| Untracked 
| 111|0x0000000709300000, 0x0000000709300000, 0x0000000709400000|  0%| F|  |TAMS 0x0000000709300000, 0x0000000709300000| Untracked 
| 112|0x0000000709400000, 0x0000000709400000, 0x0000000709500000|  0%| F|  |TAMS 0x0000000709400000, 0x0000000709400000| Untracked 
| 113|0x0000000709500000, 0x0000000709500000, 0x0000000709600000|  0%| F|  |TAMS 0x0000000709500000, 0x0000000709500000| Untracked 
| 114|0x0000000709600000, 0x0000000709600000, 0x0000000709700000|  0%| F|  |TAMS 0x0000000709600000, 0x0000000709600000| Untracked 
| 115|0x0000000709700000, 0x0000000709700000, 0x0000000709800000|  0%| F|  |TAMS 0x0000000709700000, 0x0000000709700000| Untracked 
| 116|0x0000000709800000, 0x0000000709800000, 0x0000000709900000|  0%| F|  |TAMS 0x0000000709800000, 0x0000000709800000| Untracked 
| 117|0x0000000709900000, 0x0000000709900000, 0x0000000709a00000|  0%| F|  |TAMS 0x0000000709900000, 0x0000000709900000| Untracked 
| 118|0x0000000709a00000, 0x0000000709a00000, 0x0000000709b00000|  0%| F|  |TAMS 0x0000000709a00000, 0x0000000709a00000| Untracked 
| 119|0x0000000709b00000, 0x0000000709b00000, 0x0000000709c00000|  0%| F|  |TAMS 0x0000000709b00000, 0x0000000709b00000| Untracked 
| 120|0x0000000709c00000, 0x0000000709c00000, 0x0000000709d00000|  0%| F|  |TAMS 0x0000000709c00000, 0x0000000709c00000| Untracked 
| 121|0x0000000709d00000, 0x0000000709d00000, 0x0000000709e00000|  0%| F|  |TAMS 0x0000000709d00000, 0x0000000709d00000| Untracked 
| 122|0x0000000709e00000, 0x0000000709e00000, 0x0000000709f00000|  0%| F|  |TAMS 0x0000000709e00000, 0x0000000709e00000| Untracked 
| 123|0x0000000709f00000, 0x0000000709f00000, 0x000000070a000000|  0%| F|  |TAMS 0x0000000709f00000, 0x0000000709f00000| Untracked 
| 124|0x000000070a000000, 0x000000070a000000, 0x000000070a100000|  0%| F|  |TAMS 0x000000070a000000, 0x000000070a000000| Untracked 
| 125|0x000000070a100000, 0x000000070a100000, 0x000000070a200000|  0%| F|  |TAMS 0x000000070a100000, 0x000000070a100000| Untracked 
| 126|0x000000070a200000, 0x000000070a200000, 0x000000070a300000|  0%| F|  |TAMS 0x000000070a200000, 0x000000070a200000| Untracked 
| 127|0x000000070a300000, 0x000000070a300000, 0x000000070a400000|  0%| F|  |TAMS 0x000000070a300000, 0x000000070a300000| Untracked 
| 128|0x000000070a400000, 0x000000070a400000, 0x000000070a500000|  0%| F|  |TAMS 0x000000070a400000, 0x000000070a400000| Untracked 
| 129|0x000000070a500000, 0x000000070a500000, 0x000000070a600000|  0%| F|  |TAMS 0x000000070a500000, 0x000000070a500000| Untracked 
| 130|0x000000070a600000, 0x000000070a600000, 0x000000070a700000|  0%| F|  |TAMS 0x000000070a600000, 0x000000070a600000| Untracked 
| 131|0x000000070a700000, 0x000000070a700000, 0x000000070a800000|  0%| F|  |TAMS 0x000000070a700000, 0x000000070a700000| Untracked 
| 132|0x000000070a800000, 0x000000070a800000, 0x000000070a900000|  0%| F|  |TAMS 0x000000070a800000, 0x000000070a800000| Untracked 
| 133|0x000000070a900000, 0x000000070a900000, 0x000000070aa00000|  0%| F|  |TAMS 0x000000070a900000, 0x000000070a900000| Untracked 
| 134|0x000000070aa00000, 0x000000070aa00000, 0x000000070ab00000|  0%| F|  |TAMS 0x000000070aa00000, 0x000000070aa00000| Untracked 
| 135|0x000000070ab00000, 0x000000070ab00000, 0x000000070ac00000|  0%| F|  |TAMS 0x000000070ab00000, 0x000000070ab00000| Untracked 
| 136|0x000000070ac00000, 0x000000070ac00000, 0x000000070ad00000|  0%| F|  |TAMS 0x000000070ac00000, 0x000000070ac00000| Untracked 
| 137|0x000000070ad00000, 0x000000070ad00000, 0x000000070ae00000|  0%| F|  |TAMS 0x000000070ad00000, 0x000000070ad00000| Untracked 
| 138|0x000000070ae00000, 0x000000070ae00000, 0x000000070af00000|  0%| F|  |TAMS 0x000000070ae00000, 0x000000070ae00000| Untracked 
| 139|0x000000070af00000, 0x000000070af00000, 0x000000070b000000|  0%| F|  |TAMS 0x000000070af00000, 0x000000070af00000| Untracked 
| 140|0x000000070b000000, 0x000000070b000000, 0x000000070b100000|  0%| F|  |TAMS 0x000000070b000000, 0x000000070b000000| Untracked 
| 141|0x000000070b100000, 0x000000070b100000, 0x000000070b200000|  0%| F|  |TAMS 0x000000070b100000, 0x000000070b100000| Untracked 
| 142|0x000000070b200000, 0x000000070b200000, 0x000000070b300000|  0%| F|  |TAMS 0x000000070b200000, 0x000000070b200000| Untracked 
| 143|0x000000070b300000, 0x000000070b300000, 0x000000070b400000|  0%| F|  |TAMS 0x000000070b300000, 0x000000070b300000| Untracked 
| 144|0x000000070b400000, 0x000000070b400000, 0x000000070b500000|  0%| F|  |TAMS 0x000000070b400000, 0x000000070b400000| Untracked 
| 145|0x000000070b500000, 0x000000070b500000, 0x000000070b600000|  0%| F|  |TAMS 0x000000070b500000, 0x000000070b500000| Untracked 
| 146|0x000000070b600000, 0x000000070b600000, 0x000000070b700000|  0%| F|  |TAMS 0x000000070b600000, 0x000000070b600000| Untracked 
| 147|0x000000070b700000, 0x000000070b700000, 0x000000070b800000|  0%| F|  |TAMS 0x000000070b700000, 0x000000070b700000| Untracked 
| 148|0x000000070b800000, 0x000000070b800000, 0x000000070b900000|  0%| F|  |TAMS 0x000000070b800000, 0x000000070b800000| Untracked 
| 149|0x000000070b900000, 0x000000070b900000, 0x000000070ba00000|  0%| F|  |TAMS 0x000000070b900000, 0x000000070b900000| Untracked 
| 150|0x000000070ba00000, 0x000000070ba00000, 0x000000070bb00000|  0%| F|  |TAMS 0x000000070ba00000, 0x000000070ba00000| Untracked 
| 151|0x000000070bb00000, 0x000000070bb00000, 0x000000070bc00000|  0%| F|  |TAMS 0x000000070bb00000, 0x000000070bb00000| Untracked 
| 152|0x000000070bc00000, 0x000000070bc00000, 0x000000070bd00000|  0%| F|  |TAMS 0x000000070bc00000, 0x000000070bc00000| Untracked 
| 153|0x000000070bd00000, 0x000000070bd00000, 0x000000070be00000|  0%| F|  |TAMS 0x000000070bd00000, 0x000000070bd00000| Untracked 
| 154|0x000000070be00000, 0x000000070be00000, 0x000000070bf00000|  0%| F|  |TAMS 0x000000070be00000, 0x000000070be00000| Untracked 
| 155|0x000000070bf00000, 0x000000070bf00000, 0x000000070c000000|  0%| F|  |TAMS 0x000000070bf00000, 0x000000070bf00000| Untracked 
| 156|0x000000070c000000, 0x000000070c000000, 0x000000070c100000|  0%| F|  |TAMS 0x000000070c000000, 0x000000070c000000| Untracked 
| 157|0x000000070c100000, 0x000000070c100000, 0x000000070c200000|  0%| F|  |TAMS 0x000000070c100000, 0x000000070c100000| Untracked 
| 158|0x000000070c200000, 0x000000070c200000, 0x000000070c300000|  0%| F|  |TAMS 0x000000070c200000, 0x000000070c200000| Untracked 
| 159|0x000000070c300000, 0x000000070c300000, 0x000000070c400000|  0%| F|  |TAMS 0x000000070c300000, 0x000000070c300000| Untracked 
| 160|0x000000070c400000, 0x000000070c400000, 0x000000070c500000|  0%| F|  |TAMS 0x000000070c400000, 0x000000070c400000| Untracked 
| 161|0x000000070c500000, 0x000000070c500000, 0x000000070c600000|  0%| F|  |TAMS 0x000000070c500000, 0x000000070c500000| Untracked 
| 162|0x000000070c600000, 0x000000070c600000, 0x000000070c700000|  0%| F|  |TAMS 0x000000070c600000, 0x000000070c600000| Untracked 
| 163|0x000000070c700000, 0x000000070c700000, 0x000000070c800000|  0%| F|  |TAMS 0x000000070c700000, 0x000000070c700000| Untracked 
| 164|0x000000070c800000, 0x000000070c800000, 0x000000070c900000|  0%| F|  |TAMS 0x000000070c800000, 0x000000070c800000| Untracked 
| 165|0x000000070c900000, 0x000000070c900000, 0x000000070ca00000|  0%| F|  |TAMS 0x000000070c900000, 0x000000070c900000| Untracked 
| 166|0x000000070ca00000, 0x000000070ca00000, 0x000000070cb00000|  0%| F|  |TAMS 0x000000070ca00000, 0x000000070ca00000| Untracked 
| 167|0x000000070cb00000, 0x000000070cb00000, 0x000000070cc00000|  0%| F|  |TAMS 0x000000070cb00000, 0x000000070cb00000| Untracked 
| 168|0x000000070cc00000, 0x000000070cc00000, 0x000000070cd00000|  0%| F|  |TAMS 0x000000070cc00000, 0x000000070cc00000| Untracked 
| 169|0x000000070cd00000, 0x000000070cd00000, 0x000000070ce00000|  0%| F|  |TAMS 0x000000070cd00000, 0x000000070cd00000| Untracked 
| 170|0x000000070ce00000, 0x000000070ce00000, 0x000000070cf00000|  0%| F|  |TAMS 0x000000070ce00000, 0x000000070ce00000| Untracked 
| 171|0x000000070cf00000, 0x000000070cf00000, 0x000000070d000000|  0%| F|  |TAMS 0x000000070cf00000, 0x000000070cf00000| Untracked 
| 172|0x000000070d000000, 0x000000070d000000, 0x000000070d100000|  0%| F|  |TAMS 0x000000070d000000, 0x000000070d000000| Untracked 
| 173|0x000000070d100000, 0x000000070d100000, 0x000000070d200000|  0%| F|  |TAMS 0x000000070d100000, 0x000000070d100000| Untracked 
| 174|0x000000070d200000, 0x000000070d200000, 0x000000070d300000|  0%| F|  |TAMS 0x000000070d200000, 0x000000070d200000| Untracked 
| 175|0x000000070d300000, 0x000000070d300000, 0x000000070d400000|  0%| F|  |TAMS 0x000000070d300000, 0x000000070d300000| Untracked 
| 176|0x000000070d400000, 0x000000070d400000, 0x000000070d500000|  0%| F|  |TAMS 0x000000070d400000, 0x000000070d400000| Untracked 
| 177|0x000000070d500000, 0x000000070d500000, 0x000000070d600000|  0%| F|  |TAMS 0x000000070d500000, 0x000000070d500000| Untracked 
| 178|0x000000070d600000, 0x000000070d600000, 0x000000070d700000|  0%| F|  |TAMS 0x000000070d600000, 0x000000070d600000| Untracked 
| 179|0x000000070d700000, 0x000000070d700000, 0x000000070d800000|  0%| F|  |TAMS 0x000000070d700000, 0x000000070d700000| Untracked 
| 180|0x000000070d800000, 0x000000070d800000, 0x000000070d900000|  0%| F|  |TAMS 0x000000070d800000, 0x000000070d800000| Untracked 
| 181|0x000000070d900000, 0x000000070d900000, 0x000000070da00000|  0%| F|  |TAMS 0x000000070d900000, 0x000000070d900000| Untracked 
| 182|0x000000070da00000, 0x000000070da00000, 0x000000070db00000|  0%| F|  |TAMS 0x000000070da00000, 0x000000070da00000| Untracked 
| 183|0x000000070db00000, 0x000000070db00000, 0x000000070dc00000|  0%| F|  |TAMS 0x000000070db00000, 0x000000070db00000| Untracked 
| 184|0x000000070dc00000, 0x000000070dc00000, 0x000000070dd00000|  0%| F|  |TAMS 0x000000070dc00000, 0x000000070dc00000| Untracked 
| 185|0x000000070dd00000, 0x000000070dd00000, 0x000000070de00000|  0%| F|  |TAMS 0x000000070dd00000, 0x000000070dd00000| Untracked 
| 186|0x000000070de00000, 0x000000070de00000, 0x000000070df00000|  0%| F|  |TAMS 0x000000070de00000, 0x000000070de00000| Untracked 
| 187|0x000000070df00000, 0x000000070df00000, 0x000000070e000000|  0%| F|  |TAMS 0x000000070df00000, 0x000000070df00000| Untracked 
| 188|0x000000070e000000, 0x000000070e000000, 0x000000070e100000|  0%| F|  |TAMS 0x000000070e000000, 0x000000070e000000| Untracked 
| 189|0x000000070e100000, 0x000000070e100000, 0x000000070e200000|  0%| F|  |TAMS 0x000000070e100000, 0x000000070e100000| Untracked 
| 190|0x000000070e200000, 0x000000070e200000, 0x000000070e300000|  0%| F|  |TAMS 0x000000070e200000, 0x000000070e200000| Untracked 
| 191|0x000000070e300000, 0x000000070e300000, 0x000000070e400000|  0%| F|  |TAMS 0x000000070e300000, 0x000000070e300000| Untracked 
| 192|0x000000070e400000, 0x000000070e400000, 0x000000070e500000|  0%| F|  |TAMS 0x000000070e400000, 0x000000070e400000| Untracked 
| 193|0x000000070e500000, 0x000000070e500000, 0x000000070e600000|  0%| F|  |TAMS 0x000000070e500000, 0x000000070e500000| Untracked 
| 194|0x000000070e600000, 0x000000070e600000, 0x000000070e700000|  0%| F|  |TAMS 0x000000070e600000, 0x000000070e600000| Untracked 
| 195|0x000000070e700000, 0x000000070e700000, 0x000000070e800000|  0%| F|  |TAMS 0x000000070e700000, 0x000000070e700000| Untracked 
| 196|0x000000070e800000, 0x000000070e800000, 0x000000070e900000|  0%| F|  |TAMS 0x000000070e800000, 0x000000070e800000| Untracked 
| 197|0x000000070e900000, 0x000000070e900000, 0x000000070ea00000|  0%| F|  |TAMS 0x000000070e900000, 0x000000070e900000| Untracked 
| 198|0x000000070ea00000, 0x000000070ea00000, 0x000000070eb00000|  0%| F|  |TAMS 0x000000070ea00000, 0x000000070ea00000| Untracked 
| 199|0x000000070eb00000, 0x000000070eb00000, 0x000000070ec00000|  0%| F|  |TAMS 0x000000070eb00000, 0x000000070eb00000| Untracked 
| 200|0x000000070ec00000, 0x000000070ec00000, 0x000000070ed00000|  0%| F|  |TAMS 0x000000070ec00000, 0x000000070ec00000| Untracked 
| 201|0x000000070ed00000, 0x000000070ed00000, 0x000000070ee00000|  0%| F|  |TAMS 0x000000070ed00000, 0x000000070ed00000| Untracked 
| 202|0x000000070ee00000, 0x000000070ee00000, 0x000000070ef00000|  0%| F|  |TAMS 0x000000070ee00000, 0x000000070ee00000| Untracked 
| 203|0x000000070ef00000, 0x000000070ef00000, 0x000000070f000000|  0%| F|  |TAMS 0x000000070ef00000, 0x000000070ef00000| Untracked 
| 204|0x000000070f000000, 0x000000070f000000, 0x000000070f100000|  0%| F|  |TAMS 0x000000070f000000, 0x000000070f000000| Untracked 
| 205|0x000000070f100000, 0x000000070f100000, 0x000000070f200000|  0%| F|  |TAMS 0x000000070f100000, 0x000000070f100000| Untracked 
| 206|0x000000070f200000, 0x000000070f200000, 0x000000070f300000|  0%| F|  |TAMS 0x000000070f200000, 0x000000070f200000| Untracked 
| 207|0x000000070f300000, 0x000000070f300000, 0x000000070f400000|  0%| F|  |TAMS 0x000000070f300000, 0x000000070f300000| Untracked 
| 208|0x000000070f400000, 0x000000070f400000, 0x000000070f500000|  0%| F|  |TAMS 0x000000070f400000, 0x000000070f400000| Untracked 
| 209|0x000000070f500000, 0x000000070f500000, 0x000000070f600000|  0%| F|  |TAMS 0x000000070f500000, 0x000000070f500000| Untracked 
| 210|0x000000070f600000, 0x000000070f600000, 0x000000070f700000|  0%| F|  |TAMS 0x000000070f600000, 0x000000070f600000| Untracked 
| 211|0x000000070f700000, 0x000000070f700000, 0x000000070f800000|  0%| F|  |TAMS 0x000000070f700000, 0x000000070f700000| Untracked 
| 212|0x000000070f800000, 0x000000070f800000, 0x000000070f900000|  0%| F|  |TAMS 0x000000070f800000, 0x000000070f800000| Untracked 
| 213|0x000000070f900000, 0x000000070f900000, 0x000000070fa00000|  0%| F|  |TAMS 0x000000070f900000, 0x000000070f900000| Untracked 
| 214|0x000000070fa00000, 0x000000070fa00000, 0x000000070fb00000|  0%| F|  |TAMS 0x000000070fa00000, 0x000000070fa00000| Untracked 
| 215|0x000000070fb00000, 0x000000070fb00000, 0x000000070fc00000|  0%| F|  |TAMS 0x000000070fb00000, 0x000000070fb00000| Untracked 
| 216|0x000000070fc00000, 0x000000070fc00000, 0x000000070fd00000|  0%| F|  |TAMS 0x000000070fc00000, 0x000000070fc00000| Untracked 
| 217|0x000000070fd00000, 0x000000070fd00000, 0x000000070fe00000|  0%| F|  |TAMS 0x000000070fd00000, 0x000000070fd00000| Untracked 
| 218|0x000000070fe00000, 0x000000070fe00000, 0x000000070ff00000|  0%| F|  |TAMS 0x000000070fe00000, 0x000000070fe00000| Untracked 
| 219|0x000000070ff00000, 0x000000070ff00000, 0x0000000710000000|  0%| F|  |TAMS 0x000000070ff00000, 0x000000070ff00000| Untracked 
| 220|0x0000000710000000, 0x0000000710000000, 0x0000000710100000|  0%| F|  |TAMS 0x0000000710000000, 0x0000000710000000| Untracked 
| 221|0x0000000710100000, 0x0000000710100000, 0x0000000710200000|  0%| F|  |TAMS 0x0000000710100000, 0x0000000710100000| Untracked 
| 222|0x0000000710200000, 0x0000000710200000, 0x0000000710300000|  0%| F|  |TAMS 0x0000000710200000, 0x0000000710200000| Untracked 
| 223|0x0000000710300000, 0x0000000710300000, 0x0000000710400000|  0%| F|  |TAMS 0x0000000710300000, 0x0000000710300000| Untracked 
| 224|0x0000000710400000, 0x0000000710400000, 0x0000000710500000|  0%| F|  |TAMS 0x0000000710400000, 0x0000000710400000| Untracked 
| 225|0x0000000710500000, 0x0000000710500000, 0x0000000710600000|  0%| F|  |TAMS 0x0000000710500000, 0x0000000710500000| Untracked 
| 226|0x0000000710600000, 0x0000000710600000, 0x0000000710700000|  0%| F|  |TAMS 0x0000000710600000, 0x0000000710600000| Untracked 
| 227|0x0000000710700000, 0x0000000710700000, 0x0000000710800000|  0%| F|  |TAMS 0x0000000710700000, 0x0000000710700000| Untracked 
| 228|0x0000000710800000, 0x0000000710800000, 0x0000000710900000|  0%| F|  |TAMS 0x0000000710800000, 0x0000000710800000| Untracked 
| 229|0x0000000710900000, 0x0000000710900000, 0x0000000710a00000|  0%| F|  |TAMS 0x0000000710900000, 0x0000000710900000| Untracked 
| 230|0x0000000710a00000, 0x0000000710a00000, 0x0000000710b00000|  0%| F|  |TAMS 0x0000000710a00000, 0x0000000710a00000| Untracked 
| 231|0x0000000710b00000, 0x0000000710b00000, 0x0000000710c00000|  0%| F|  |TAMS 0x0000000710b00000, 0x0000000710b00000| Untracked 
| 232|0x0000000710c00000, 0x0000000710c00000, 0x0000000710d00000|  0%| F|  |TAMS 0x0000000710c00000, 0x0000000710c00000| Untracked 
| 233|0x0000000710d00000, 0x0000000710d00000, 0x0000000710e00000|  0%| F|  |TAMS 0x0000000710d00000, 0x0000000710d00000| Untracked 
| 234|0x0000000710e00000, 0x0000000710e00000, 0x0000000710f00000|  0%| F|  |TAMS 0x0000000710e00000, 0x0000000710e00000| Untracked 
| 235|0x0000000710f00000, 0x0000000710f00000, 0x0000000711000000|  0%| F|  |TAMS 0x0000000710f00000, 0x0000000710f00000| Untracked 
| 236|0x0000000711000000, 0x0000000711000000, 0x0000000711100000|  0%| F|  |TAMS 0x0000000711000000, 0x0000000711000000| Untracked 
| 237|0x0000000711100000, 0x0000000711100000, 0x0000000711200000|  0%| F|  |TAMS 0x0000000711100000, 0x0000000711100000| Untracked 
| 238|0x0000000711200000, 0x0000000711200000, 0x0000000711300000|  0%| F|  |TAMS 0x0000000711200000, 0x0000000711200000| Untracked 
| 239|0x0000000711300000, 0x0000000711300000, 0x0000000711400000|  0%| F|  |TAMS 0x0000000711300000, 0x0000000711300000| Untracked 
| 240|0x0000000711400000, 0x0000000711400000, 0x0000000711500000|  0%| F|  |TAMS 0x0000000711400000, 0x0000000711400000| Untracked 
| 241|0x0000000711500000, 0x0000000711500000, 0x0000000711600000|  0%| F|  |TAMS 0x0000000711500000, 0x0000000711500000| Untracked 
| 242|0x0000000711600000, 0x0000000711600000, 0x0000000711700000|  0%| F|  |TAMS 0x0000000711600000, 0x0000000711600000| Untracked 
| 243|0x0000000711700000, 0x0000000711700000, 0x0000000711800000|  0%| F|  |TAMS 0x0000000711700000, 0x0000000711700000| Untracked 
| 244|0x0000000711800000, 0x0000000711800000, 0x0000000711900000|  0%| F|  |TAMS 0x0000000711800000, 0x0000000711800000| Untracked 
| 245|0x0000000711900000, 0x0000000711900000, 0x0000000711a00000|  0%| F|  |TAMS 0x0000000711900000, 0x0000000711900000| Untracked 
| 246|0x0000000711a00000, 0x0000000711a00000, 0x0000000711b00000|  0%| F|  |TAMS 0x0000000711a00000, 0x0000000711a00000| Untracked 
| 247|0x0000000711b00000, 0x0000000711b00000, 0x0000000711c00000|  0%| F|  |TAMS 0x0000000711b00000, 0x0000000711b00000| Untracked 
| 248|0x0000000711c00000, 0x0000000711c00000, 0x0000000711d00000|  0%| F|  |TAMS 0x0000000711c00000, 0x0000000711c00000| Untracked 
| 249|0x0000000711d00000, 0x0000000711d00000, 0x0000000711e00000|  0%| F|  |TAMS 0x0000000711d00000, 0x0000000711d00000| Untracked 
| 250|0x0000000711e00000, 0x0000000711e00000, 0x0000000711f00000|  0%| F|  |TAMS 0x0000000711e00000, 0x0000000711e00000| Untracked 
| 251|0x0000000711f00000, 0x0000000711f00000, 0x0000000712000000|  0%| F|  |TAMS 0x0000000711f00000, 0x0000000711f00000| Untracked 
| 252|0x0000000712000000, 0x0000000712000000, 0x0000000712100000|  0%| F|  |TAMS 0x0000000712000000, 0x0000000712000000| Untracked 
| 253|0x0000000712100000, 0x0000000712100000, 0x0000000712200000|  0%| F|  |TAMS 0x0000000712100000, 0x0000000712100000| Untracked 
| 254|0x0000000712200000, 0x0000000712200000, 0x0000000712300000|  0%| F|  |TAMS 0x0000000712200000, 0x0000000712200000| Untracked 
| 255|0x0000000712300000, 0x0000000712300000, 0x0000000712400000|  0%| F|  |TAMS 0x0000000712300000, 0x0000000712300000| Untracked 
| 256|0x0000000712400000, 0x0000000712400000, 0x0000000712500000|  0%| F|  |TAMS 0x0000000712400000, 0x0000000712400000| Untracked 
| 257|0x0000000712500000, 0x0000000712500000, 0x0000000712600000|  0%| F|  |TAMS 0x0000000712500000, 0x0000000712500000| Untracked 
| 258|0x0000000712600000, 0x0000000712600000, 0x0000000712700000|  0%| F|  |TAMS 0x0000000712600000, 0x0000000712600000| Untracked 
| 259|0x0000000712700000, 0x0000000712700000, 0x0000000712800000|  0%| F|  |TAMS 0x0000000712700000, 0x0000000712700000| Untracked 
| 260|0x0000000712800000, 0x0000000712800000, 0x0000000712900000|  0%| F|  |TAMS 0x0000000712800000, 0x0000000712800000| Untracked 
| 261|0x0000000712900000, 0x0000000712900000, 0x0000000712a00000|  0%| F|  |TAMS 0x0000000712900000, 0x0000000712900000| Untracked 
| 262|0x0000000712a00000, 0x0000000712a00000, 0x0000000712b00000|  0%| F|  |TAMS 0x0000000712a00000, 0x0000000712a00000| Untracked 
| 263|0x0000000712b00000, 0x0000000712b00000, 0x0000000712c00000|  0%| F|  |TAMS 0x0000000712b00000, 0x0000000712b00000| Untracked 
| 264|0x0000000712c00000, 0x0000000712c00000, 0x0000000712d00000|  0%| F|  |TAMS 0x0000000712c00000, 0x0000000712c00000| Untracked 
| 265|0x0000000712d00000, 0x0000000712d00000, 0x0000000712e00000|  0%| F|  |TAMS 0x0000000712d00000, 0x0000000712d00000| Untracked 
| 266|0x0000000712e00000, 0x0000000712e00000, 0x0000000712f00000|  0%| F|  |TAMS 0x0000000712e00000, 0x0000000712e00000| Untracked 
| 267|0x0000000712f00000, 0x0000000712f00000, 0x0000000713000000|  0%| F|  |TAMS 0x0000000712f00000, 0x0000000712f00000| Untracked 
| 268|0x0000000713000000, 0x0000000713000000, 0x0000000713100000|  0%| F|  |TAMS 0x0000000713000000, 0x0000000713000000| Untracked 
| 269|0x0000000713100000, 0x0000000713100000, 0x0000000713200000|  0%| F|  |TAMS 0x0000000713100000, 0x0000000713100000| Untracked 
| 270|0x0000000713200000, 0x0000000713200000, 0x0000000713300000|  0%| F|  |TAMS 0x0000000713200000, 0x0000000713200000| Untracked 
| 271|0x0000000713300000, 0x0000000713300000, 0x0000000713400000|  0%| F|  |TAMS 0x0000000713300000, 0x0000000713300000| Untracked 
| 272|0x0000000713400000, 0x0000000713400000, 0x0000000713500000|  0%| F|  |TAMS 0x0000000713400000, 0x0000000713400000| Untracked 
| 273|0x0000000713500000, 0x000000071358ad70, 0x0000000713600000| 54%| E|  |TAMS 0x0000000713500000, 0x0000000713500000| Complete 
| 274|0x0000000713600000, 0x0000000713700000, 0x0000000713700000|100%| E|CS|TAMS 0x0000000713600000, 0x0000000713600000| Complete 
| 275|0x0000000713700000, 0x0000000713800000, 0x0000000713800000|100%| E|CS|TAMS 0x0000000713700000, 0x0000000713700000| Complete 
| 276|0x0000000713800000, 0x0000000713900000, 0x0000000713900000|100%| E|CS|TAMS 0x0000000713800000, 0x0000000713800000| Complete 
| 277|0x0000000713900000, 0x0000000713a00000, 0x0000000713a00000|100%| E|CS|TAMS 0x0000000713900000, 0x0000000713900000| Complete 
| 278|0x0000000713a00000, 0x0000000713b00000, 0x0000000713b00000|100%| E|CS|TAMS 0x0000000713a00000, 0x0000000713a00000| Complete 
| 279|0x0000000713b00000, 0x0000000713b4d298, 0x0000000713c00000| 30%| S|CS|TAMS 0x0000000713b00000, 0x0000000713b00000| Complete 
| 280|0x0000000713c00000, 0x0000000713d00000, 0x0000000713d00000|100%| S|CS|TAMS 0x0000000713c00000, 0x0000000713c00000| Complete 
| 281|0x0000000713d00000, 0x0000000713e00000, 0x0000000713e00000|100%| S|CS|TAMS 0x0000000713d00000, 0x0000000713d00000| Complete 
| 282|0x0000000713e00000, 0x0000000713f00000, 0x0000000713f00000|100%| S|CS|TAMS 0x0000000713e00000, 0x0000000713e00000| Complete 
| 283|0x0000000713f00000, 0x0000000714000000, 0x0000000714000000|100%| E|CS|TAMS 0x0000000713f00000, 0x0000000713f00000| Complete 
| 284|0x0000000714000000, 0x0000000714100000, 0x0000000714100000|100%| E|CS|TAMS 0x0000000714000000, 0x0000000714000000| Complete 
| 285|0x0000000714100000, 0x0000000714200000, 0x0000000714200000|100%| E|CS|TAMS 0x0000000714100000, 0x0000000714100000| Complete 
| 286|0x0000000714200000, 0x0000000714300000, 0x0000000714300000|100%| E|CS|TAMS 0x0000000714200000, 0x0000000714200000| Complete 
| 287|0x0000000714300000, 0x0000000714400000, 0x0000000714400000|100%| E|CS|TAMS 0x0000000714300000, 0x0000000714300000| Complete 
| 288|0x0000000714400000, 0x0000000714500000, 0x0000000714500000|100%| E|CS|TAMS 0x0000000714400000, 0x0000000714400000| Complete 
| 289|0x0000000714500000, 0x0000000714600000, 0x0000000714600000|100%| E|CS|TAMS 0x0000000714500000, 0x0000000714500000| Complete 
| 290|0x0000000714600000, 0x0000000714700000, 0x0000000714700000|100%| E|CS|TAMS 0x0000000714600000, 0x0000000714600000| Complete 
| 291|0x0000000714700000, 0x0000000714800000, 0x0000000714800000|100%| E|CS|TAMS 0x0000000714700000, 0x0000000714700000| Complete 
| 292|0x0000000714800000, 0x0000000714900000, 0x0000000714900000|100%| E|CS|TAMS 0x0000000714800000, 0x0000000714800000| Complete 
| 293|0x0000000714900000, 0x0000000714a00000, 0x0000000714a00000|100%| E|CS|TAMS 0x0000000714900000, 0x0000000714900000| Complete 
| 294|0x0000000714a00000, 0x0000000714b00000, 0x0000000714b00000|100%| E|CS|TAMS 0x0000000714a00000, 0x0000000714a00000| Complete 
| 295|0x0000000714b00000, 0x0000000714c00000, 0x0000000714c00000|100%| E|CS|TAMS 0x0000000714b00000, 0x0000000714b00000| Complete 
| 296|0x0000000714c00000, 0x0000000714d00000, 0x0000000714d00000|100%| E|CS|TAMS 0x0000000714c00000, 0x0000000714c00000| Complete 
| 297|0x0000000714d00000, 0x0000000714e00000, 0x0000000714e00000|100%| E|CS|TAMS 0x0000000714d00000, 0x0000000714d00000| Complete 
| 298|0x0000000714e00000, 0x0000000714f00000, 0x0000000714f00000|100%| E|CS|TAMS 0x0000000714e00000, 0x0000000714e00000| Complete 
| 299|0x0000000714f00000, 0x0000000715000000, 0x0000000715000000|100%| E|CS|TAMS 0x0000000714f00000, 0x0000000714f00000| Complete 
| 300|0x0000000715000000, 0x0000000715100000, 0x0000000715100000|100%| E|CS|TAMS 0x0000000715000000, 0x0000000715000000| Complete 
| 301|0x0000000715100000, 0x0000000715200000, 0x0000000715200000|100%| E|CS|TAMS 0x0000000715100000, 0x0000000715100000| Complete 
| 302|0x0000000715200000, 0x0000000715300000, 0x0000000715300000|100%| E|CS|TAMS 0x0000000715200000, 0x0000000715200000| Complete 
| 303|0x0000000715300000, 0x0000000715400000, 0x0000000715400000|100%| E|CS|TAMS 0x0000000715300000, 0x0000000715300000| Complete 
| 304|0x0000000715400000, 0x0000000715500000, 0x0000000715500000|100%| E|CS|TAMS 0x0000000715400000, 0x0000000715400000| Complete 

Card table byte_map: [0x0000019778520000,0x0000019778d10000] _byte_map_base: 0x0000019774d0e000

Marking Bits (Prev, Next): (CMBitMap*) 0x00000197647fe920, (CMBitMap*) 0x00000197647fe8e8
 Prev Bits: [0x0000019700000000, 0x0000019703f70000)
 Next Bits: [0x0000019779500000, 0x000001977d470000)

Polling page: 0x0000019768290000

Metaspace:

Usage:
  Non-class:     56.05 MB capacity,    55.58 MB (>99%) used,   366.18 KB ( <1%) free+waste,   108.88 KB ( <1%) overhead. 
      Class:      7.63 MB capacity,     7.33 MB ( 96%) used,   261.70 KB (  3%) free+waste,    49.19 KB ( <1%) overhead. 
       Both:     63.68 MB capacity,    62.91 MB ( 99%) used,   627.88 KB ( <1%) free+waste,   158.06 KB ( <1%) overhead. 

Virtual space:
  Non-class space:       58.00 MB reserved,      56.26 MB ( 97%) committed 
      Class space:        1.00 GB reserved,       7.70 MB ( <1%) committed 
             Both:        1.06 GB reserved,      63.96 MB (  6%) committed 

Chunk freelists:
   Non-Class:  22.00 KB
       Class:  24.00 KB
        Both:  46.00 KB

MaxMetaspaceSize: 17179869184.00 GB
CompressedClassSpaceSize: 1.00 GB

CodeHeap 'non-profiled nmethods': size=120000Kb used=3219Kb max_used=3219Kb free=116781Kb
 bounds [0x000001976fd80000, 0x00000197700b0000, 0x00000197772b0000]
CodeHeap 'profiled nmethods': size=120000Kb used=16881Kb max_used=16881Kb free=103118Kb
 bounds [0x0000019768850000, 0x00000197698d0000, 0x000001976fd80000]
CodeHeap 'non-nmethods': size=5760Kb used=1253Kb max_used=1282Kb free=4506Kb
 bounds [0x00000197682b0000, 0x0000019768520000, 0x0000019768850000]
 total_blobs=7263 nmethods=6642 adapters=530
 compilation: enabled
              stopped_count=0, restarted_count=0
 full_count=0

Compilation events (20 events):
Event: 4.590 Thread 0x0000019704881000 nmethod 6670 0x00000197698c5a90 code [0x00000197698c5c60, 0x00000197698c5e68]
Event: 4.591 Thread 0x0000019704881000 6671       3       java.io.ByteArrayInputStream::<init> (26 bytes)
Event: 4.591 Thread 0x0000019704881000 nmethod 6671 0x00000197698c5f90 code [0x00000197698c6160, 0x00000197698c6398]
Event: 4.591 Thread 0x00000197049f0800 6672       4       java.lang.String::equals (65 bytes)
Event: 4.592 Thread 0x0000019704881000 6673       3       kotlin.LazyKt__LazyJVMKt::lazy (106 bytes)
Event: 4.592 Thread 0x0000019704881000 nmethod 6673 0x00000197698c6490 code [0x00000197698c68c0, 0x00000197698c8418]
Event: 4.592 Thread 0x0000019704881000 6675       1       org.jetbrains.kotlin.serialization.deserialization.DeserializationComponents::getPlatformDependentTypeTransformer (5 bytes)
Event: 4.592 Thread 0x00000197049f0800 nmethod 6672 0x00000197700a3490 code [0x00000197700a3620, 0x00000197700a37f8]
Event: 4.592 Thread 0x0000019704881000 nmethod 6675 0x00000197700a3890 code [0x00000197700a3a40, 0x00000197700a3af8]
Event: 4.592 Thread 0x0000019704881000 6674       3       org.jetbrains.kotlin.descriptors.impl.AbstractClassDescriptor::getUnsubstitutedMemberScope (21 bytes)
Event: 4.593 Thread 0x0000019704881000 nmethod 6674 0x00000197698c8d10 code [0x00000197698c8f00, 0x00000197698c9198]
Event: 4.593 Thread 0x0000019704881000 6676       1       org.jetbrains.kotlin.load.kotlin.FileBasedKotlinClass::access$100 (5 bytes)
Event: 4.593 Thread 0x0000019704881000 nmethod 6676 0x00000197700a3b90 code [0x00000197700a3d40, 0x00000197700a3dd8]
Event: 4.593 Thread 0x0000019704881000 6677       3       org.jetbrains.kotlin.load.kotlin.FileBasedKotlinClass::convertAnnotationVisitor (56 bytes)
Event: 4.593 Thread 0x0000019704881000 nmethod 6677 0x00000197698c9290 code [0x00000197698c94e0, 0x00000197698c9c58]
Event: 4.593 Thread 0x0000019704881000 6678       3       org.jetbrains.kotlin.descriptors.FindClassInModuleKt::findClassAcrossModuleDependencies (34 bytes)
Event: 4.594 Thread 0x0000019704881000 nmethod 6678 0x00000197698c9e90 code [0x00000197698ca160, 0x00000197698cae68]
Event: 4.594 Thread 0x0000019704881000 6679       3       org.jetbrains.kotlin.backend.common.serialization.mangle.ir.IrExportCheckerVisitorKt::isAnonymous (39 bytes)
Event: 4.595 Thread 0x0000019704881000 nmethod 6679 0x00000197698cb290 code [0x00000197698cb500, 0x00000197698cbd78]
Event: 4.595 Thread 0x000001970487c800 nmethod 6666 0x00000197700a3e90 code [0x00000197700a4080, 0x00000197700a4728]

GC Heap History (14 events):
Event: 0.403 GC heap before
{Heap before GC invocations=0 (full 0):
 garbage-first heap   total 260096K, used 27648K [0x0000000702400000, 0x0000000800000000)
  region size 1024K, 24 young (24576K), 0 survivors (0K)
 Metaspace       used 12234K, capacity 12344K, committed 12544K, reserved 1060864K
  class space    used 1152K, capacity 1175K, committed 1280K, reserved 1048576K
}
Event: 0.405 GC heap after
{Heap after GC invocations=1 (full 0):
 garbage-first heap   total 260096K, used 5852K [0x0000000702400000, 0x0000000800000000)
  region size 1024K, 3 young (3072K), 3 survivors (3072K)
 Metaspace       used 12234K, capacity 12344K, committed 12544K, reserved 1060864K
  class space    used 1152K, capacity 1175K, committed 1280K, reserved 1048576K
}
Event: 0.831 GC heap before
{Heap before GC invocations=1 (full 0):
 garbage-first heap   total 260096K, used 42716K [0x0000000702400000, 0x0000000800000000)
  region size 1024K, 40 young (40960K), 3 survivors (3072K)
 Metaspace       used 20873K, capacity 21087K, committed 21296K, reserved 1069056K
  class space    used 2228K, capacity 2312K, committed 2432K, reserved 1048576K
}
Event: 0.839 GC heap after
{Heap after GC invocations=2 (full 0):
 garbage-first heap   total 260096K, used 9610K [0x0000000702400000, 0x0000000800000000)
  region size 1024K, 7 young (7168K), 7 survivors (7168K)
 Metaspace       used 20873K, capacity 21087K, committed 21296K, reserved 1069056K
  class space    used 2228K, capacity 2312K, committed 2432K, reserved 1048576K
}
Event: 1.577 GC heap before
{Heap before GC invocations=3 (full 0):
 garbage-first heap   total 260096K, used 66954K [0x0000000702400000, 0x0000000800000000)
  region size 1024K, 58 young (59392K), 7 survivors (7168K)
 Metaspace       used 33534K, capacity 34004K, committed 34352K, reserved 1079296K
  class space    used 4190K, capacity 4374K, committed 4480K, reserved 1048576K
}
Event: 1.585 GC heap after
{Heap after GC invocations=4 (full 0):
 garbage-first heap   total 260096K, used 20720K [0x0000000702400000, 0x0000000800000000)
  region size 1024K, 8 young (8192K), 8 survivors (8192K)
 Metaspace       used 33534K, capacity 34004K, committed 34352K, reserved 1079296K
  class space    used 4190K, capacity 4374K, committed 4480K, reserved 1048576K
}
Event: 1.694 GC heap before
{Heap before GC invocations=4 (full 0):
 garbage-first heap   total 260096K, used 30960K [0x0000000702400000, 0x0000000800000000)
  region size 1024K, 19 young (19456K), 8 survivors (8192K)
 Metaspace       used 35410K, capacity 35843K, committed 35920K, reserved 1081344K
  class space    used 4393K, capacity 4603K, committed 4608K, reserved 1048576K
}
Event: 1.704 GC heap after
{Heap after GC invocations=5 (full 0):
 garbage-first heap   total 260096K, used 20426K [0x0000000702400000, 0x0000000800000000)
  region size 1024K, 2 young (2048K), 2 survivors (2048K)
 Metaspace       used 35410K, capacity 35843K, committed 35920K, reserved 1081344K
  class space    used 4393K, capacity 4603K, committed 4608K, reserved 1048576K
}
Event: 2.387 GC heap before
{Heap before GC invocations=6 (full 0):
 garbage-first heap   total 260096K, used 90058K [0x0000000702400000, 0x0000000800000000)
  region size 1024K, 67 young (68608K), 2 survivors (2048K)
 Metaspace       used 46361K, capacity 46866K, committed 47056K, reserved 1091584K
  class space    used 5513K, capacity 5713K, committed 5760K, reserved 1048576K
}
Event: 2.394 GC heap after
{Heap after GC invocations=7 (full 0):
 garbage-first heap   total 312320K, used 28118K [0x0000000702400000, 0x0000000800000000)
  region size 1024K, 8 young (8192K), 8 survivors (8192K)
 Metaspace       used 46361K, capacity 46866K, committed 47056K, reserved 1091584K
  class space    used 5513K, capacity 5713K, committed 5760K, reserved 1048576K
}
Event: 3.570 GC heap before
{Heap before GC invocations=7 (full 0):
 garbage-first heap   total 312320K, used 120278K [0x0000000702400000, 0x0000000800000000)
  region size 1024K, 98 young (100352K), 8 survivors (8192K)
 Metaspace       used 54694K, capacity 55266K, committed 55504K, reserved 1097728K
  class space    used 6280K, capacity 6525K, committed 6528K, reserved 1048576K
}
Event: 3.582 GC heap after
{Heap after GC invocations=8 (full 0):
 garbage-first heap   total 312320K, used 39651K [0x0000000702400000, 0x0000000800000000)
  region size 1024K, 13 young (13312K), 13 survivors (13312K)
 Metaspace       used 54694K, capacity 55266K, committed 55504K, reserved 1097728K
  class space    used 6280K, capacity 6525K, committed 6528K, reserved 1048576K
}
Event: 4.031 GC heap before
{Heap before GC invocations=8 (full 0):
 garbage-first heap   total 312320K, used 61155K [0x0000000702400000, 0x0000000800000000)
  region size 1024K, 35 young (35840K), 13 survivors (13312K)
 Metaspace       used 59496K, capacity 60186K, committed 60296K, reserved 1101824K
  class space    used 6974K, capacity 7266K, committed 7296K, reserved 1048576K
}
Event: 4.064 GC heap after
{Heap after GC invocations=9 (full 0):
 garbage-first heap   total 312320K, used 43061K [0x0000000702400000, 0x0000000800000000)
  region size 1024K, 4 young (4096K), 4 survivors (4096K)
 Metaspace       used 59496K, capacity 60186K, committed 60296K, reserved 1101824K
  class space    used 6974K, capacity 7266K, committed 7296K, reserved 1048576K
}

Deoptimization events (20 events):
Event: 4.552 Thread 0x000001976479c800 Uncommon trap: trap_request=0xffffffde fr.pc=0x0000019770054b04 relative=0x0000000000002904
Event: 4.552 Thread 0x000001976479c800 Uncommon trap: reason=class_check action=maybe_recompile pc=0x0000019770054b04 method=org.jetbrains.kotlin.serialization.deserialization.descriptors.DeserializedMemberScope.getContributedClassifier(Lorg/jetbrains/kotlin/name/Name;Lorg/jetbrains/kotlin/inc
Event: 4.552 Thread 0x000001976479c800 DEOPT PACKING pc=0x0000019770054b04 sp=0x0000002bd09fe750
Event: 4.552 Thread 0x000001976479c800 DEOPT UNPACKING pc=0x00000197682d7b2f sp=0x0000002bd09fe758 mode 2
Event: 4.578 Thread 0x000001976479c800 Uncommon trap: trap_request=0xffffffc6 fr.pc=0x000001977005ec30 relative=0x0000000000000870
Event: 4.578 Thread 0x000001976479c800 Uncommon trap: reason=bimorphic_or_optimized_type_check action=maybe_recompile pc=0x000001977005ec30 method=org.jetbrains.kotlin.storage.LockBasedStorageManager$LockBasedLazyValue.invoke()Ljava/lang/Object; @ 24 c2
Event: 4.578 Thread 0x000001976479c800 DEOPT PACKING pc=0x000001977005ec30 sp=0x0000002bd09fe7b0
Event: 4.578 Thread 0x000001976479c800 DEOPT UNPACKING pc=0x00000197682d7b2f sp=0x0000002bd09fe768 mode 2
Event: 4.578 Thread 0x000001976479c800 Uncommon trap: trap_request=0xffffffc6 fr.pc=0x000001977005ec30 relative=0x0000000000000870
Event: 4.578 Thread 0x000001976479c800 Uncommon trap: reason=bimorphic_or_optimized_type_check action=maybe_recompile pc=0x000001977005ec30 method=org.jetbrains.kotlin.storage.LockBasedStorageManager$LockBasedLazyValue.invoke()Ljava/lang/Object; @ 24 c2
Event: 4.578 Thread 0x000001976479c800 DEOPT PACKING pc=0x000001977005ec30 sp=0x0000002bd09fe3e0
Event: 4.578 Thread 0x000001976479c800 DEOPT UNPACKING pc=0x00000197682d7b2f sp=0x0000002bd09fe398 mode 2
Event: 4.579 Thread 0x000001976479c800 Uncommon trap: trap_request=0xffffffc6 fr.pc=0x000001977005ec30 relative=0x0000000000000870
Event: 4.579 Thread 0x000001976479c800 Uncommon trap: reason=bimorphic_or_optimized_type_check action=maybe_recompile pc=0x000001977005ec30 method=org.jetbrains.kotlin.storage.LockBasedStorageManager$LockBasedLazyValue.invoke()Ljava/lang/Object; @ 24 c2
Event: 4.579 Thread 0x000001976479c800 DEOPT PACKING pc=0x000001977005ec30 sp=0x0000002bd09fda30
Event: 4.579 Thread 0x000001976479c800 DEOPT UNPACKING pc=0x00000197682d7b2f sp=0x0000002bd09fd9e8 mode 2
Event: 4.580 Thread 0x000001976479c800 Uncommon trap: trap_request=0xffffff4d fr.pc=0x000001976fd96000 relative=0x0000000000000160
Event: 4.580 Thread 0x000001976479c800 Uncommon trap: reason=unstable_if action=reinterpret pc=0x000001976fd96000 method=java.lang.StringCoding.hasNegatives([BII)Z @ 12 c2
Event: 4.580 Thread 0x000001976479c800 DEOPT PACKING pc=0x000001976fd96000 sp=0x0000002bd09fdfc0
Event: 4.580 Thread 0x000001976479c800 DEOPT UNPACKING pc=0x00000197682d7b2f sp=0x0000002bd09fdf50 mode 2

Classes redefined (0 events):
No events

Internal exceptions (20 events):
Event: 2.078 Thread 0x000001976479c800 Exception <a 'java/lang/NoSuchMethodError'{0x000000070fc139e0}: 'java.lang.Object java.lang.invoke.Invokers$Holder.linkToTargetMethod(java.lang.Object, java.lang.Object, int, java.lang.Object)'> (0x000000070fc139e0) thrown at [./src/hotspot/share/interpreter/linkResolver.cpp, line 773]
Event: 2.800 Thread 0x000001976479c800 Implicit null exception at 0x000001976feeec5c to 0x000001976feef1f8
Event: 2.899 Thread 0x000001976479c800 Exception <a 'java/lang/NoSuchMethodError'{0x0000000712a9c440}: 'java.lang.Object java.lang.invoke.DirectMethodHandle$Holder.invokeStaticInit(java.lang.Object, java.lang.Object, java.lang.Object)'> (0x0000000712a9c440) thrown at [./src/hotspot/share/interpreter/linkResolver.cpp, line 773]
Event: 3.504 Thread 0x000001976479c800 Exception <a 'java/lang/NoSuchMethodError'{0x000000070ff21c00}: 'java.lang.Object java.lang.invoke.Invokers$Holder.linkToTargetMethod(java.lang.Object, java.lang.Object, java.lang.Object, java.lang.Object, java.lang.Object, java.lang.Object)'> (0x000000070ff21c00) thrown at [./src/hotspot/share/interpreter/linkResolver.cpp, line 773]
Event: 3.546 Thread 0x000001976479c800 Implicit null exception at 0x000001976feab94c to 0x000001976feaba34
Event: 3.692 Thread 0x000001976479c800 Implicit null exception at 0x000001976fddcfde to 0x000001976fddd762
Event: 3.692 Thread 0x000001976479c800 Implicit null exception at 0x000001976fdc0caf to 0x000001976fdc0d29
Event: 3.753 Thread 0x000001976479c800 Exception <a 'java/lang/NoSuchMethodError'{0x0000000714d8d850}: 'java.lang.Object java.lang.invoke.DirectMethodHandle$Holder.invokeSpecial(java.lang.Object, java.lang.Object, java.lang.Object, java.lang.Object, java.lang.Object, int)'> (0x0000000714d8d850) thrown at [./src/hotspot/share/interpreter/linkResolver.cpp, line 773]
Event: 3.753 Thread 0x000001976479c800 Exception <a 'java/lang/NoSuchMethodError'{0x0000000714d91698}: 'java.lang.Object java.lang.invoke.Invokers$Holder.linkToTargetMethod(java.lang.Object, java.lang.Object, java.lang.Object, int, java.lang.Object)'> (0x0000000714d91698) thrown at [./src/hotspot/share/interpreter/linkResolver.cpp, line 773]
Event: 3.812 Thread 0x000001976479c800 Exception <a 'java/lang/NoSuchMethodError'{0x0000000714aab0f0}: 'void java.lang.invoke.DirectMethodHandle$Holder.invokeInterface(java.lang.Object, java.lang.Object)'> (0x0000000714aab0f0) thrown at [./src/hotspot/share/interpreter/linkResolver.cpp, line 773]
Event: 3.866 Thread 0x000001976479c800 Exception <a 'java/lang/NoSuchMethodError'{0x000000071471b8c0}: 'java.lang.Object java.lang.invoke.Invokers$Holder.linkToTargetMethod(java.lang.Object, java.lang.Object, java.lang.Object, int, int, java.lang.Object)'> (0x000000071471b8c0) thrown at [./src/hotspot/share/interpreter/linkResolver.cpp, line 773]
Event: 3.873 Thread 0x000001976479c800 Exception <a 'java/lang/NoSuchMethodError'{0x00000007147400f0}: 'java.lang.Object java.lang.invoke.DirectMethodHandle$Holder.invokeInterface(java.lang.Object, java.lang.Object, java.lang.Object)'> (0x00000007147400f0) thrown at [./src/hotspot/share/interpreter/linkResolver.cpp, line 773]
Event: 3.873 Thread 0x000001976479c800 Exception <a 'java/lang/IncompatibleClassChangeError'{0x0000000714743320}: Found class java.lang.Object, but interface was expected> (0x0000000714743320) thrown at [./src/hotspot/share/interpreter/linkResolver.cpp, line 839]
Event: 3.907 Thread 0x000001976479c800 Exception <a 'java/lang/NoSuchMethodError'{0x000000071452ba00}: 'int java.lang.invoke.DirectMethodHandle$Holder.invokeVirtual(java.lang.Object, java.lang.Object, java.lang.Object)'> (0x000000071452ba00) thrown at [./src/hotspot/share/interpreter/linkResolver.cpp, line 773]
Event: 3.951 Thread 0x000001976479c800 Exception <a 'java/lang/IncompatibleClassChangeError'{0x0000000714358578}: Found class java.lang.Object, but interface was expected> (0x0000000714358578) thrown at [./src/hotspot/share/interpreter/linkResolver.cpp, line 839]
Event: 4.149 Thread 0x000001976479c800 Exception <a 'java/lang/NoSuchMethodError'{0x000000071518b4e8}: 'java.lang.Object java.lang.invoke.DirectMethodHandle$Holder.invokeStatic(java.lang.Object, int, java.lang.Object, java.lang.Object)'> (0x000000071518b4e8) thrown at [./src/hotspot/share/interpreter/linkResolver.cpp, line 773]
Event: 4.151 Thread 0x000001976479c800 Exception <a 'java/lang/NoSuchMethodError'{0x00000007151962a0}: 'int java.lang.invoke.DirectMethodHandle$Holder.invokeInterface(java.lang.Object, java.lang.Object)'> (0x00000007151962a0) thrown at [./src/hotspot/share/interpreter/linkResolver.cpp, line 773]
Event: 4.165 Thread 0x000001976479c800 Exception <a 'java/lang/NoSuchMethodError'{0x0000000715011898}: 'int java.lang.invoke.DirectMethodHandle$Holder.invokeStaticInit(java.lang.Object, int)'> (0x0000000715011898) thrown at [./src/hotspot/share/interpreter/linkResolver.cpp, line 773]
Event: 4.313 Thread 0x000001976479c800 Implicit null exception at 0x000001976fdd7b75 to 0x000001976fdd7d58
Event: 4.443 Thread 0x000001976479c800 Exception <a 'java/lang/NoSuchMethodError'{0x00000007146025c8}: 'java.lang.Object java.lang.invoke.DirectMethodHandle$Holder.invokeStaticInit(java.lang.Object, java.lang.Object, java.lang.Object, java.lang.Object)'> (0x00000007146025c8) thrown at [./src/hotspot/share/interpreter/linkResolver.cpp, line 773]

Events (20 events):
Event: 4.594 loading class org/jetbrains/kotlin/ir/util/DeclarationStubGenerator
Event: 4.594 loading class org/jetbrains/kotlin/ir/util/DeclarationStubGenerator done
Event: 4.594 loading class org/jetbrains/kotlin/ir/linkage/IrProvider
Event: 4.594 loading class org/jetbrains/kotlin/ir/linkage/IrProvider done
Event: 4.595 loading class org/jetbrains/kotlin/backend/common/serialization/signature/PublicIdSignatureComputer
Event: 4.595 loading class org/jetbrains/kotlin/backend/common/serialization/signature/PublicIdSignatureComputer done
Event: 4.595 loading class org/jetbrains/kotlin/backend/common/serialization/signature/IdSignatureComputer
Event: 4.595 loading class org/jetbrains/kotlin/backend/common/serialization/signature/IdSignatureComputer done
Event: 4.595 loading class org/jetbrains/kotlin/ir/backend/jvm/serialization/JvmIrMangler
Event: 4.595 loading class org/jetbrains/kotlin/ir/backend/jvm/serialization/JvmIrMangler done
Event: 4.595 loading class org/jetbrains/kotlin/backend/common/serialization/mangle/ir/IrBasedKotlinManglerImpl
Event: 4.595 loading class org/jetbrains/kotlin/backend/common/serialization/mangle/ir/IrBasedKotlinManglerImpl done
Event: 4.595 loading class org/jetbrains/kotlin/ir/util/KotlinMangler$IrMangler
Event: 4.595 loading class org/jetbrains/kotlin/ir/util/KotlinMangler$IrMangler done
Event: 4.596 loading class org/jetbrains/kotlin/backend/common/serialization/signature/PublicIdSignatureComputer$PublicIdSigBuilder
Event: 4.596 loading class org/jetbrains/kotlin/backend/common/serialization/signature/PublicIdSignatureComputer$PublicIdSigBuilder done
Event: 4.597 loading class org/jetbrains/kotlin/ir/visitors/IrElementVisitorVoid
Event: 4.597 loading class org/jetbrains/kotlin/ir/visitors/IrElementVisitorVoid done
Event: 4.597 loading class org/jetbrains/kotlin/ir/visitors/IrElementVisitor
Event: 4.597 loading class org/jetbrains/kotlin/ir/visitors/IrElementVisitor done


Dynamic libraries:
0x00007ff73f040000 - 0x00007ff73f04a000 	F:\android\jre\bin\java.exe
0x00007fff41f50000 - 0x00007fff42145000 	C:\WINDOWS\SYSTEM32\ntdll.dll
0x00007fff411c0000 - 0x00007fff4127e000 	C:\WINDOWS\System32\KERNEL32.DLL
0x00007fff3f660000 - 0x00007fff3f928000 	C:\WINDOWS\System32\KERNELBASE.dll
0x00007fff3fa10000 - 0x00007fff3fb10000 	C:\WINDOWS\System32\ucrtbase.dll
0x00007fff1b9b0000 - 0x00007fff1b9c7000 	F:\android\jre\bin\VCRUNTIME140.dll
0x00007fff1b330000 - 0x00007fff1b349000 	F:\android\jre\bin\jli.dll
0x00007fff41010000 - 0x00007fff411b1000 	C:\WINDOWS\System32\USER32.dll
0x00007fff257d0000 - 0x00007fff25a6a000 	C:\WINDOWS\WinSxS\amd64_microsoft.windows.common-controls_6595b64144ccf1df_6.0.19041.1110_none_60b5254171f9507e\COMCTL32.dll
0x00007fff3fba0000 - 0x00007fff3fbc2000 	C:\WINDOWS\System32\win32u.dll
0x00007fff40db0000 - 0x00007fff40e4e000 	C:\WINDOWS\System32\msvcrt.dll
0x00007fff408c0000 - 0x00007fff408eb000 	C:\WINDOWS\System32\GDI32.dll
0x00007fff3fe80000 - 0x00007fff3ff8d000 	C:\WINDOWS\System32\gdi32full.dll
0x00007fff3fbd0000 - 0x00007fff3fc6d000 	C:\WINDOWS\System32\msvcp_win.dll
0x00007fff41280000 - 0x00007fff412b0000 	C:\WINDOWS\System32\IMM32.DLL
0x00007fff05570000 - 0x00007fff0560d000 	F:\android\jre\bin\msvcp140.dll
0x00007ffedc150000 - 0x00007ffedcc1f000 	F:\android\jre\bin\server\jvm.dll
0x00007fff40e50000 - 0x00007fff40efc000 	C:\WINDOWS\System32\ADVAPI32.dll
0x00007fff41b80000 - 0x00007fff41c1b000 	C:\WINDOWS\System32\sechost.dll
0x00007fff3ff90000 - 0x00007fff400ba000 	C:\WINDOWS\System32\RPCRT4.dll
0x00007fff40f00000 - 0x00007fff40f08000 	C:\WINDOWS\System32\PSAPI.DLL
0x00007fff33470000 - 0x00007fff33497000 	C:\WINDOWS\SYSTEM32\WINMM.dll
0x00007fff32f60000 - 0x00007fff32f69000 	C:\WINDOWS\SYSTEM32\WSOCK32.dll
0x00007fff34920000 - 0x00007fff3492a000 	C:\WINDOWS\SYSTEM32\VERSION.dll
0x00007fff40f10000 - 0x00007fff40f7b000 	C:\WINDOWS\System32\WS2_32.dll
0x00007fff3d590000 - 0x00007fff3d5a2000 	C:\WINDOWS\SYSTEM32\kernel.appcore.dll
0x00007fff23390000 - 0x00007fff233a1000 	F:\android\jre\bin\verify.dll
0x00007fff3ce60000 - 0x00007fff3d044000 	C:\WINDOWS\SYSTEM32\DBGHELP.DLL
0x00007fff294e0000 - 0x00007fff2950c000 	C:\WINDOWS\SYSTEM32\dbgcore.DLL
0x00007fff3fb10000 - 0x00007fff3fb92000 	C:\WINDOWS\System32\bcryptPrimitives.dll
0x00007fff1f890000 - 0x00007fff1f8b9000 	F:\android\jre\bin\java.dll
0x00007fff23440000 - 0x00007fff2344b000 	F:\android\jre\bin\jimage.dll
0x00007fff23310000 - 0x00007fff23328000 	F:\android\jre\bin\zip.dll
0x00007fff400c0000 - 0x00007fff40804000 	C:\WINDOWS\System32\SHELL32.dll
0x00007fff3d750000 - 0x00007fff3dee4000 	C:\WINDOWS\SYSTEM32\windows.storage.dll
0x00007fff41820000 - 0x00007fff41b75000 	C:\WINDOWS\System32\combase.dll
0x00007fff3f0b0000 - 0x00007fff3f0de000 	C:\WINDOWS\SYSTEM32\Wldp.dll
0x00007fff40810000 - 0x00007fff408bd000 	C:\WINDOWS\System32\SHCORE.dll
0x00007fff40c70000 - 0x00007fff40cc5000 	C:\WINDOWS\System32\shlwapi.dll
0x00007fff3f5a0000 - 0x00007fff3f5bf000 	C:\WINDOWS\SYSTEM32\profapi.dll
0x00007fff23260000 - 0x00007fff2327a000 	F:\android\jre\bin\net.dll
0x00007fff35a40000 - 0x00007fff35b4c000 	C:\WINDOWS\SYSTEM32\WINHTTP.dll
0x00007fff3ee10000 - 0x00007fff3ee7a000 	C:\WINDOWS\system32\mswsock.dll
0x00007fff1f7f0000 - 0x00007fff1f804000 	F:\android\jre\bin\nio.dll

dbghelp: loaded successfully - version: 4.0.5 - missing functions: none
symbol engine: initialized successfully - sym options: 0x614 - pdb path: .;F:\android\jre\bin;C:\WINDOWS\SYSTEM32;C:\WINDOWS\WinSxS\amd64_microsoft.windows.common-controls_6595b64144ccf1df_6.0.19041.1110_none_60b5254171f9507e;F:\android\jre\bin\server

VM Arguments:
java_command: org.jetbrains.kotlin.cli.jvm.K2JVMCompiler @F:\files\kotlin\learning\listView\app\build\20220112_14011319412880456348.compiler.options
java_class_path (initial): C:\Users\UserK\.gradle\caches\modules-2\files-2.1\org.jetbrains.kotlin\kotlin-compiler-embeddable\1.6.10\88f2073f4020cdb83132cfe940ceb9a60aba54ea\kotlin-compiler-embeddable-1.6.10.jar;C:\Users\UserK\.gradle\caches\modules-2\files-2.1\org.jetbrains.kotlin\kotlin-reflect\1.6.10\1cbe9c92c12a94eea200d23c2bbaedaf3daf5132\kotlin-reflect-1.6.10.jar;C:\Users\UserK\.gradle\caches\modules-2\files-2.1\org.jetbrains.kotlin\kotlin-stdlib\1.6.10\b8af3fe6f1ca88526914929add63cf5e7c5049af\kotlin-stdlib-1.6.10.jar;C:\Users\UserK\.gradle\caches\modules-2\files-2.1\org.jetbrains.kotlin\kotlin-script-runtime\1.6.10\d0a7ff2e2500ef497ed0214ae40ad3c8387a6164\kotlin-script-runtime-1.6.10.jar;C:\Users\UserK\.gradle\caches\modules-2\files-2.1\org.jetbrains.kotlin\kotlin-daemon-embeddable\1.6.10\a56d79bcbea411fa6058e4ecffc2de73e742bd2a\kotlin-daemon-embeddable-1.6.10.jar;C:\Users\UserK\.gradle\caches\modules-2\files-2.1\org.jetbrains.intellij.deps\trove4j\1.0.20181211\216c2e14b070f334479d800987affe4054cd563f\trove4j-1.0.20181211.jar;C:\Users\UserK\.gradle\caches\modules-2\files-2.1\net.java.dev.jna\jna\5.6.0\330f2244e9030119ab3030fc3fededc86713d9cc\jna-5.6.0.jar;C:\Users\UserK\.gradle\caches\modules-2\files-2.1\org.jetbrains\annotations\13.0\919f0dfe192fb4e063e7dacadee7f8bb9a2672a9\annotations-13.0.jar;C:\Users\UserK\.gradle\caches\modules-2\files-2.1\org.jetbrains.kotlin\kotlin-stdlib-common\1.6.10\c118700e3a33c8a0d9adc920e9dec0831171925\kotlin-stdlib-common-1.6.10.jar
Launcher Type: SUN_STANDARD

[Global flags]
     intx CICompilerCount                          = 4                                         {product} {ergonomic}
     uint ConcGCThreads                            = 2                                         {product} {ergonomic}
     uint G1ConcRefinementThreads                  = 8                                         {product} {ergonomic}
   size_t G1HeapRegionSize                         = 1048576                                   {product} {ergonomic}
    uintx GCDrainStackTargetSize                   = 64                                        {product} {ergonomic}
   size_t InitialHeapSize                          = 266338304                                 {product} {ergonomic}
   size_t MarkStackSize                            = 4194304                                   {product} {ergonomic}
   size_t MaxHeapSize                              = 4257218560                                {product} {ergonomic}
   size_t MaxNewSize                               = 2554331136                                {product} {ergonomic}
   size_t MinHeapDeltaBytes                        = 1048576                                   {product} {ergonomic}
    uintx NonNMethodCodeHeapSize                   = 5836300                                {pd product} {ergonomic}
    uintx NonProfiledCodeHeapSize                  = 122910970                              {pd product} {ergonomic}
    uintx ProfiledCodeHeapSize                     = 122910970                              {pd product} {ergonomic}
    uintx ReservedCodeCacheSize                    = 251658240                              {pd product} {ergonomic}
     bool SegmentedCodeCache                       = true                                      {product} {ergonomic}
     bool UseCompressedClassPointers               = true                                 {lp64_product} {ergonomic}
     bool UseCompressedOops                        = true                                 {lp64_product} {ergonomic}
     bool UseG1GC                                  = true                                      {product} {ergonomic}
     bool UseLargePagesIndividualAllocation        = false                                  {pd product} {ergonomic}

Logging:
Log output configuration:
 #0: stdout all=warning uptime,level,tags
 #1: stderr all=off uptime,level,tags

Environment Variables:
JAVA_HOME=C:\Users\UserK\Desktop\도구\네트워크&코딩\jdk-15.0.1
PATH=C:\Program Files\Common Files\Oracle\Java\javapath;C:\Program Files (x86)\Common Files\Intel\Shared Libraries\redist\intel64\compiler;C:\Ruby26-x64\bin;C:\ProgramData\Oracle\Java\javapath;C:\Program Files (x86)\Common Files\Oracle\Java\javapath;C:\Windows\system32;C:\Windows;C:\Windows\System32\Wbem;C:\Windows\System32\WindowsPowerShell\v1.0\;C:\Windows\System32\OpenSSH\;C:\Program Files (x86)\NVIDIA Corporation\PhysX\Common;C:\Program Files\Microsoft SQL Server\120\Tools\Binn\;C:\Program Files (x86)\GtkSharp\2.12\bin;C:\Program Files\Microsoft SQL Server\130\Tools\Binn\;C:\Program Files\PuTTY\;C:\Program Files\nodejs\;C:\Program Files\Git\cmd;C:\Program Files\dotnet\;C:\Program Files\Microsoft SQL Server\Client SDK\ODBC\170\Tools\Binn\;C:\Program Files\Microsoft VS Code\bin;C:\MinGW\bin;;C:\WINDOWS\system32;C:\WINDOWS;C:\WINDOWS\System32\Wbem;C:\WINDOWS\System32\WindowsPowerShell\v1.0\;C:\WINDOWS\System32\OpenSSH\;C:\Program Files\NVIDIA Corporation\NVIDIA NvDLISR;C:\Program Files\Go\bin;C:\Users\UserK\AppData\Local\Programs\Python\Python39\Scripts\;C:\Users\UserK\AppData\Local\Programs\Python\Python39\;C:\Users\UserK\AppData\Local\Streamlink\bin;C:\Python38\Scripts\;C:\Python38\;C:\Users\UserK\AppData\Local\Microsoft\WindowsApps;C:\Users\UserK\AppData\Local\Programs\Microsoft VS Code\bin;C:\Users\UserK\AppData\Roaming\npm;C:\Users\UserK\.dotnet\tools;C:\ffmpeg\bin;;C:\Users\UserK\AppData\Local\Microsoft\WindowsApps;C:\Users\UserK\go\bin;F:\IntelliJ IDEA Community Edition 2021.3.1\bin;
USERNAME=UserK
OS=Windows_NT
PROCESSOR_IDENTIFIER=Intel64 Family 6 Model 158 Stepping 10, GenuineIntel



---------------  S Y S T E M  ---------------

OS: Windows 10 , 64 bit Build 19041 (10.0.19041.1348)
OS uptime: 7 days 1:46 hours

CPU:total 8 (initial active 8) (4 cores per cpu, 2 threads per core) family 6 model 158 stepping 10 microcode 0xb4, cmov, cx8, fxsr, mmx, sse, sse2, sse3, ssse3, sse4.1, sse4.2, popcnt, avx, avx2, aes, clmul, erms, 3dnowpref, lzcnt, ht, tsc, tscinvbit, bmi1, bmi2, adx, fma

Memory: 4k page, system-wide physical 16234M (3527M free)
TotalPageFile size 46666M (AvailPageFile size 5M)
current process WorkingSet (physical memory assigned to process): 379M, peak: 385M
current process commit charge ("private bytes"): 558M, peak: 564M

vm_info: OpenJDK 64-Bit Server VM (11.0.10+0-b96-7249189) for windows-amd64 JRE (11.0.10+0-b96-7249189), built on Mar 31 2021 21:44:00 by "builder" with MS VC++ 14.0 (VS2015)

END.
